#
# A fatal error has been detected by the Java Runtime Environment:
#
#  EXCEPTION_ACCESS_VIOLATION (0xc0000005) at pc=0x0000000073f0b7b0, pid=12876, tid=0x0000000000002974
#
# JRE version: OpenJDK Runtime Environment (8.0_242-b01) (build 1.8.0_242-release-1644-b01)
# Java VM: OpenJDK 64-Bit Server VM (25.242-b01 mixed mode windows-amd64 compressed oops)
# Problematic frame:
# V  [jvm.dll+0x8b7b0]
#
# Failed to write core dump. Minidumps are not enabled by default on client versions of Windows
#
# If you would like to submit a bug report, please visit:
#   
#

---------------  T H R E A D  ---------------

Current thread (0x00000000025f8800):  GCTaskThread [stack: 0x0000000012260000,0x0000000012360000] [id=10612]

siginfo: ExceptionCode=0xc0000005, reading address 0x0000000000011c58

Registers:
RAX=0x0000000000000001, RBX=0x00000000d9c14ae0, RCX=0x00000000d9c14ae0, RDX=0x0000000000011c50
RSP=0x000000001235f6d8, RBP=0x0000000011aa2c01, RSI=0x00000000026cb800, RDI=0x000000008057b440
R8 =0x00000000026cb800, R9 =0x000000000000003a, R10=0x8004e45800000000, R11=0x00000000dcb89778
R12=0x0000000011aa2bd9, R13=0x0000000000000001, R14=0x0000000000000000, R15=0x00000000025f24b0
RIP=0x0000000073f0b7b0, EFLAGS=0x0000000000010206

Top of Stack: (sp=0x000000001235f6d8)
0x000000001235f6d8:   00000000742527b2 00000000d9c14b20
0x000000001235f6e8:   000000000000000b 00000000026cb800
0x000000001235f6f8:   000000007424f765 00000000dcb84010
0x000000001235f708:   0000000000001000 0000000016560000
0x000000001235f718:   000000007464f0b0 0000000000000000
0x000000001235f728:   00000000026cb800 0000000011aa2bd9
0x000000001235f738:   0000000074252b20 00000000dcb897ac
0x000000001235f748:   0000000011aa2c01 00000000026cb800
0x000000001235f758:   000000008057b440 00000000dcb897ac
0x000000001235f768:   00000000742536c5 00000000da3b9b78
0x000000001235f778:   0000000011aa1401 00000000026cb800
0x000000001235f788:   000000000baa0000 000000000ba90ab2
0x000000001235f798:   00000000804faa80 000000008057b3e4
0x000000001235f7a8:   0000000073f6fdb0 000000008057b3ed
0x000000001235f7b8:   000000008057b3ed 000000008053fc29
0x000000001235f7c8:   000000008053fc29 00000000026cb800 

Instructions: (pc=0x0000000073f0b7b0)
0x0000000073f0b790:   1c 8f 1d 00 48 8b 9c 24 c0 00 00 00 48 81 c4 b0
0x0000000073f0b7a0:   00 00 00 5d c3 cc cc cc cc cc cc cc cc cc cc cc
0x0000000073f0b7b0:   44 8b 42 08 4c 8b ca 45 85 c0 7e 0e 41 f6 c0 01
0x0000000073f0b7c0:   75 57 41 c1 f8 03 41 8b c0 c3 79 4d 80 3d 7e 97 


Register to memory mapping:

RAX=0x0000000000000001 is an unknown value
RBX=0x00000000d9c14ae0 is an oop

[error occurred during error reporting (printing register info), id 0xc0000005]

Stack: [0x0000000012260000,0x0000000012360000],  sp=0x000000001235f6d8,  free space=1021k
Native frames: (J=compiled Java code, j=interpreted, Vv=VM code, C=native code)
V  [jvm.dll+0x8b7b0]


---------------  P R O C E S S  ---------------

Java Threads: ( => current thread )
  0x000000001b932800 JavaThread "Cache worker for file content cache (C:\Users\grand\.gradle\caches\6.5\fileContent)" [_thread_blocked, id=7624, stack(0x0000000022a90000,0x0000000022b90000)]
  0x000000001b92d800 JavaThread "Cache worker for execution history cache (C:\Users\grand\.gradle\caches\6.5\executionHistory)" [_thread_blocked, id=9836, stack(0x0000000022590000,0x0000000022690000)]
  0x000000001b932000 JavaThread "Cache worker for cache directory md-rule (C:\Users\grand\.gradle\caches\6.5\md-rule)" [_thread_blocked, id=8188, stack(0x0000000022290000,0x0000000022390000)]
  0x000000001b930800 JavaThread "Cache worker for cache directory md-supplier (C:\Users\grand\.gradle\caches\6.5\md-supplier)" [_thread_blocked, id=5248, stack(0x0000000022190000,0x0000000022290000)]
  0x000000001b931000 JavaThread "Cache worker for checksums cache (D:\Android\App\ChangeableRecycler\.gradle\checksums)" [_thread_blocked, id=1068, stack(0x0000000022090000,0x0000000022190000)]
  0x000000001b92f800 JavaThread "jar transforms Thread 20" [_thread_blocked, id=7620, stack(0x0000000021c90000,0x0000000021d90000)]
  0x000000001b929800 JavaThread "jar transforms Thread 19" [_thread_blocked, id=6244, stack(0x0000000021b90000,0x0000000021c90000)]
  0x000000001b92b000 JavaThread "jar transforms Thread 18" [_thread_blocked, id=11156, stack(0x0000000021a90000,0x0000000021b90000)]
  0x000000001b92f000 JavaThread "jar transforms Thread 17" [_thread_blocked, id=5064, stack(0x0000000021990000,0x0000000021a90000)]
  0x000000001b92c800 JavaThread "jar transforms Thread 16" [_thread_blocked, id=5396, stack(0x0000000021890000,0x0000000021990000)]
  0x000000001b92a800 JavaThread "jar transforms Thread 15" [_thread_blocked, id=932, stack(0x0000000021790000,0x0000000021890000)]
  0x000000001b925000 JavaThread "jar transforms Thread 14" [_thread_blocked, id=12208, stack(0x0000000021690000,0x0000000021790000)]
  0x000000001b927800 JavaThread "jar transforms Thread 13" [_thread_blocked, id=4744, stack(0x0000000021590000,0x0000000021690000)]
  0x000000001b929000 JavaThread "jar transforms Thread 12" [_thread_blocked, id=12448, stack(0x0000000021490000,0x0000000021590000)]
  0x000000001b92c000 JavaThread "jar transforms Thread 11" [_thread_blocked, id=12060, stack(0x0000000021390000,0x0000000021490000)]
  0x000000001b926800 JavaThread "jar transforms Thread 10" [_thread_blocked, id=68, stack(0x0000000021290000,0x0000000021390000)]
  0x000000001b926000 JavaThread "jar transforms Thread 9" [_thread_blocked, id=10912, stack(0x0000000021190000,0x0000000021290000)]
  0x000000001b928000 JavaThread "jar transforms Thread 8" [_thread_blocked, id=1240, stack(0x0000000021090000,0x0000000021190000)]
  0x000000001b924800 JavaThread "jar transforms Thread 7" [_thread_blocked, id=11912, stack(0x0000000020f90000,0x0000000021090000)]
  0x000000001734e000 JavaThread "jar transforms Thread 6" [_thread_blocked, id=8596, stack(0x0000000020e90000,0x0000000020f90000)]
  0x0000000017353800 JavaThread "jar transforms Thread 5" [_thread_blocked, id=10220, stack(0x0000000020d90000,0x0000000020e90000)]
  0x0000000017351000 JavaThread "jar transforms Thread 4" [_thread_blocked, id=12452, stack(0x000000001fa10000,0x000000001fb10000)]
  0x0000000017354000 JavaThread "jar transforms Thread 3" [_thread_blocked, id=11072, stack(0x000000001f910000,0x000000001fa10000)]
  0x0000000017352800 JavaThread "jar transforms Thread 2" [_thread_blocked, id=12652, stack(0x000000001f810000,0x000000001f910000)]
  0x0000000017350800 JavaThread "jar transforms" [_thread_blocked, id=2084, stack(0x000000001f710000,0x000000001f810000)]
  0x000000001734f800 JavaThread "Cache worker for file hash cache (D:\Android\App\ChangeableRecycler\.gradle\6.5\fileHashes)" [_thread_blocked, id=12392, stack(0x000000001d410000,0x000000001d510000)]
  0x0000000017352000 JavaThread "Cache worker for file hash cache (C:\Users\grand\.gradle\caches\6.5\fileHashes)" [_thread_blocked, id=13276, stack(0x000000001d310000,0x000000001d410000)]
  0x000000001734d800 JavaThread "File lock request listener" [_thread_in_native, id=12940, stack(0x000000001d210000,0x000000001d310000)]
  0x0000000019467800 JavaThread "Cache worker for journal cache (C:\Users\grand\.gradle\caches\journal-1)" [_thread_blocked, id=12608, stack(0x000000001d110000,0x000000001d210000)]
  0x000000001aecb000 JavaThread "Thread-9" [_thread_blocked, id=2732, stack(0x000000001ce10000,0x000000001cf10000)]
  0x000000001aec8800 JavaThread "Stdin handler" [_thread_blocked, id=12328, stack(0x000000001cd10000,0x000000001ce10000)]
  0x000000001aec7800 JavaThread "Asynchronous log dispatcher for DefaultDaemonConnection: socket connection from /127.0.0.1:51891 to /127.0.0.1:51892" [_thread_blocked, id=11712, stack(0x000000001cc10000,0x000000001cd10000)]
  0x000000001aebc000 JavaThread "Daemon worker" [_thread_blocked, id=12884, stack(0x000000001cb10000,0x000000001cc10000)]
  0x000000001aece000 JavaThread "Cancel handler" [_thread_blocked, id=4520, stack(0x000000001ca10000,0x000000001cb10000)]
  0x000000001ae1f000 JavaThread "Handler for socket connection from /127.0.0.1:51891 to /127.0.0.1:51892" [_thread_in_native, id=5920, stack(0x000000001c910000,0x000000001ca10000)]
  0x000000001ae17000 JavaThread "Daemon" [_thread_blocked, id=9816, stack(0x000000001c610000,0x000000001c710000)]
  0x000000001ae16800 JavaThread "Daemon periodic checks" [_thread_blocked, id=3652, stack(0x000000001c510000,0x000000001c610000)]
  0x000000001ad52000 JavaThread "Incoming local TCP Connector on port 51891" [_thread_in_native, id=11124, stack(0x000000001c2c0000,0x000000001c3c0000)]
  0x000000001ad48800 JavaThread "Daemon health stats" [_thread_blocked, id=13160, stack(0x000000001bc60000,0x000000001bd60000)]
  0x0000000018d08000 JavaThread "Service Thread" daemon [_thread_blocked, id=2064, stack(0x00000000190c0000,0x00000000191c0000)]
  0x000000001734f000 JavaThread "C1 CompilerThread2" daemon [_thread_blocked, id=13072, stack(0x0000000018bc0000,0x0000000018cc0000)]
  0x000000001733c800 JavaThread "C2 CompilerThread1" daemon [_thread_blocked, id=11444, stack(0x0000000018ac0000,0x0000000018bc0000)]
  0x0000000017333000 JavaThread "C2 CompilerThread0" daemon [_thread_in_native, id=4936, stack(0x00000000189c0000,0x0000000018ac0000)]
  0x0000000017331800 JavaThread "Attach Listener" daemon [_thread_blocked, id=10124, stack(0x00000000188c0000,0x00000000189c0000)]
  0x0000000017338000 JavaThread "Signal Dispatcher" daemon [_thread_blocked, id=13200, stack(0x00000000187c0000,0x00000000188c0000)]
  0x00000000026da000 JavaThread "Finalizer" daemon [_thread_blocked, id=1228, stack(0x00000000185a0000,0x00000000186a0000)]
  0x00000000026d1000 JavaThread "Reference Handler" daemon [_thread_blocked, id=1412, stack(0x00000000184a0000,0x00000000185a0000)]
  0x00000000025dd800 JavaThread "main" [_thread_blocked, id=6100, stack(0x00000000024c0000,0x00000000025c0000)]

Other Threads:
  0x00000000172f6800 VMThread [stack: 0x00000000183a0000,0x00000000184a0000] [id=1552]
  0x0000000018d09000 WatcherThread [stack: 0x00000000191c0000,0x00000000192c0000] [id=3224]

=>0x00000000025f8800 (exited) GCTaskThread [stack: 0x0000000012260000,0x0000000012360000] [id=10612]

VM state:at safepoint (normal execution)

VM Mutex/Monitor currently owned by a thread:  ([mutex/lock_event])
[0x00000000025dd330] Threads_lock - owner thread: 0x00000000172f6800
[0x00000000025dc830] Heap_lock - owner thread: 0x000000001aecb000

heap address: 0x0000000080000000, size: 2048 MB, Compressed Oops mode: 32-bit
Narrow klass base: 0x0000000000000000, Narrow klass shift: 3
Compressed class space size: 1073741824 Address: 0x0000000100000000

Heap:
 PSYoungGen      total 124928K, used 115712K [0x00000000d5580000, 0x00000000dd880000, 0x0000000100000000)
  eden space 115712K, 100% used [0x00000000d5580000,0x00000000dc680000,0x00000000dc680000)
  from space 9216K, 0% used [0x00000000dcf80000,0x00000000dcf80000,0x00000000dd880000)
  to   space 9216K, 62% used [0x00000000dc680000,0x00000000dcc1c010,0x00000000dcf80000)
 ParOldGen       total 93184K, used 8468K [0x0000000080000000, 0x0000000085b00000, 0x00000000d5580000)
  object space 93184K, 9% used [0x0000000080000000,0x0000000080845298,0x0000000085b00000)
 Metaspace       used 31691K, capacity 32824K, committed 33024K, reserved 1077248K
  class space    used 4284K, capacity 4583K, committed 4608K, reserved 1048576K

Card table byte_map: [0x0000000011aa0000,0x0000000011eb0000] byte_map_base: 0x00000000116a0000

Marking Bits: (ParMarkBitMap*) 0x000000007464f030
 Begin Bits: [0x0000000012560000, 0x0000000014560000)
 End Bits:   [0x0000000014560000, 0x0000000016560000)

Polling page: 0x0000000002490000

CodeCache: size=245760Kb used=9706Kb max_used=9717Kb free=236054Kb
 bounds [0x00000000026e0000, 0x0000000003070000, 0x00000000116e0000]
 total_blobs=3250 nmethods=2569 adapters=594
 compilation: enabled

Compilation events (10 events):
Event: 3.155 Thread 0x000000001734f000 nmethod 2570 0x0000000003056590 code [0x0000000003056740, 0x0000000003056c68]
Event: 3.155 Thread 0x000000001734f000 2571       3       org.objectweb.asm.MethodWriter::visitLdcInsn (215 bytes)
Event: 3.156 Thread 0x000000001734f000 nmethod 2571 0x0000000003056e10 code [0x0000000003057000, 0x0000000003057ab8]
Event: 3.159 Thread 0x000000001733c800 nmethod 2553 0x000000000305c990 code [0x000000000305cca0, 0x000000000305e9a0]
Event: 3.159 Thread 0x000000001733c800 2561       4       java.lang.Class$MethodArray::addIfNotPresent (47 bytes)
Event: 3.165 Thread 0x000000001733c800 nmethod 2561 0x0000000003058b10 code [0x0000000003058c80, 0x0000000003059198]
Event: 3.165 Thread 0x000000001733c800 2557       4       sun.reflect.misc.ReflectUtil::isNonPublicProxyClass (51 bytes)
Event: 3.172 Thread 0x000000001733c800 nmethod 2557 0x0000000003057f10 code [0x0000000003058080, 0x00000000030585c8]
Event: 3.172 Thread 0x000000001733c800 2572       4       java.util.zip.InflaterInputStream::<init> (79 bytes)
Event: 3.175 Thread 0x000000001733c800 nmethod 2572 0x0000000003060f50 code [0x00000000030610a0, 0x00000000030613b8]

GC Heap History (10 events):
Event: 0.833 GC heap after
Heap after GC invocations=1 (full 0):
 PSYoungGen      total 67072K, used 5274K [0x00000000d5580000, 0x00000000da000000, 0x0000000100000000)
  eden space 57856K, 0% used [0x00000000d5580000,0x00000000d5580000,0x00000000d8e00000)
  from space 9216K, 57% used [0x00000000d8e00000,0x00000000d9326910,0x00000000d9700000)
  to   space 9216K, 0% used [0x00000000d9700000,0x00000000d9700000,0x00000000da000000)
 ParOldGen       total 153088K, used 16K [0x0000000080000000, 0x0000000089580000, 0x00000000d5580000)
  object space 153088K, 0% used [0x0000000080000000,0x0000000080004000,0x0000000089580000)
 Metaspace       used 7670K, capacity 7912K, committed 8064K, reserved 1056768K
  class space    used 937K, capacity 1039K, committed 1152K, reserved 1048576K
}
Event: 1.413 GC heap before
{Heap before GC invocations=2 (full 0):
 PSYoungGen      total 67072K, used 63130K [0x00000000d5580000, 0x00000000da000000, 0x0000000100000000)
  eden space 57856K, 100% used [0x00000000d5580000,0x00000000d8e00000,0x00000000d8e00000)
  from space 9216K, 57% used [0x00000000d8e00000,0x00000000d9326910,0x00000000d9700000)
  to   space 9216K, 0% used [0x00000000d9700000,0x00000000d9700000,0x00000000da000000)
 ParOldGen       total 153088K, used 16K [0x0000000080000000, 0x0000000089580000, 0x00000000d5580000)
  object space 153088K, 0% used [0x0000000080000000,0x0000000080004000,0x0000000089580000)
 Metaspace       used 13006K, capacity 13392K, committed 13440K, reserved 1060864K
  class space    used 1782K, capacity 1898K, committed 1920K, reserved 1048576K
Event: 1.422 GC heap after
Heap after GC invocations=2 (full 0):
 PSYoungGen      total 67072K, used 7665K [0x00000000d5580000, 0x00000000dd880000, 0x0000000100000000)
  eden space 57856K, 0% used [0x00000000d5580000,0x00000000d5580000,0x00000000d8e00000)
  from space 9216K, 83% used [0x00000000d9700000,0x00000000d9e7c520,0x00000000da000000)
  to   space 9216K, 0% used [0x00000000d8e00000,0x00000000d8e00000,0x00000000d9700000)
 ParOldGen       total 153088K, used 24K [0x0000000080000000, 0x0000000089580000, 0x00000000d5580000)
  object space 153088K, 0% used [0x0000000080000000,0x0000000080006000,0x0000000089580000)
 Metaspace       used 13006K, capacity 13392K, committed 13440K, reserved 1060864K
  class space    used 1782K, capacity 1898K, committed 1920K, reserved 1048576K
}
Event: 1.901 GC heap before
{Heap before GC invocations=3 (full 0):
 PSYoungGen      total 67072K, used 65521K [0x00000000d5580000, 0x00000000dd880000, 0x0000000100000000)
  eden space 57856K, 100% used [0x00000000d5580000,0x00000000d8e00000,0x00000000d8e00000)
  from space 9216K, 83% used [0x00000000d9700000,0x00000000d9e7c520,0x00000000da000000)
  to   space 9216K, 0% used [0x00000000d8e00000,0x00000000d8e00000,0x00000000d9700000)
 ParOldGen       total 153088K, used 24K [0x0000000080000000, 0x0000000089580000, 0x00000000d5580000)
  object space 153088K, 0% used [0x0000000080000000,0x0000000080006000,0x0000000089580000)
 Metaspace       used 18438K, capacity 19092K, committed 19200K, reserved 1064960K
  class space    used 2523K, capacity 2720K, committed 2816K, reserved 1048576K
Event: 1.913 GC heap after
Heap after GC invocations=3 (full 0):
 PSYoungGen      total 67072K, used 9208K [0x00000000d5580000, 0x00000000dd880000, 0x0000000100000000)
  eden space 57856K, 0% used [0x00000000d5580000,0x00000000d5580000,0x00000000d8e00000)
  from space 9216K, 99% used [0x00000000d8e00000,0x00000000d96fe0e0,0x00000000d9700000)
  to   space 9216K, 0% used [0x00000000dcf80000,0x00000000dcf80000,0x00000000dd880000)
 ParOldGen       total 153088K, used 1469K [0x0000000080000000, 0x0000000089580000, 0x00000000d5580000)
  object space 153088K, 0% used [0x0000000080000000,0x000000008016f448,0x0000000089580000)
 Metaspace       used 18438K, capacity 19092K, committed 19200K, reserved 1064960K
  class space    used 2523K, capacity 2720K, committed 2816K, reserved 1048576K
}
Event: 2.153 GC heap before
{Heap before GC invocations=4 (full 0):
 PSYoungGen      total 67072K, used 33433K [0x00000000d5580000, 0x00000000dd880000, 0x0000000100000000)
  eden space 57856K, 41% used [0x00000000d5580000,0x00000000d6d28508,0x00000000d8e00000)
  from space 9216K, 99% used [0x00000000d8e00000,0x00000000d96fe0e0,0x00000000d9700000)
  to   space 9216K, 0% used [0x00000000dcf80000,0x00000000dcf80000,0x00000000dd880000)
 ParOldGen       total 153088K, used 1469K [0x0000000080000000, 0x0000000089580000, 0x00000000d5580000)
  object space 153088K, 0% used [0x0000000080000000,0x000000008016f448,0x0000000089580000)
 Metaspace       used 20464K, capacity 21168K, committed 21248K, reserved 1067008K
  class space    used 2856K, capacity 3040K, committed 3072K, reserved 1048576K
Event: 2.159 GC heap after
Heap after GC invocations=4 (full 0):
 PSYoungGen      total 124928K, used 8673K [0x00000000d5580000, 0x00000000dd880000, 0x0000000100000000)
  eden space 115712K, 0% used [0x00000000d5580000,0x00000000d5580000,0x00000000dc680000)
  from space 9216K, 94% used [0x00000000dcf80000,0x00000000dd7f8430,0x00000000dd880000)
  to   space 9216K, 0% used [0x00000000dc680000,0x00000000dc680000,0x00000000dcf80000)
 ParOldGen       total 153088K, used 1477K [0x0000000080000000, 0x0000000089580000, 0x00000000d5580000)
  object space 153088K, 0% used [0x0000000080000000,0x0000000080171448,0x0000000089580000)
 Metaspace       used 20464K, capacity 21168K, committed 21248K, reserved 1067008K
  class space    used 2856K, capacity 3040K, committed 3072K, reserved 1048576K
}
Event: 2.159 GC heap before
{Heap before GC invocations=5 (full 1):
 PSYoungGen      total 124928K, used 8673K [0x00000000d5580000, 0x00000000dd880000, 0x0000000100000000)
  eden space 115712K, 0% used [0x00000000d5580000,0x00000000d5580000,0x00000000dc680000)
  from space 9216K, 94% used [0x00000000dcf80000,0x00000000dd7f8430,0x00000000dd880000)
  to   space 9216K, 0% used [0x00000000dc680000,0x00000000dc680000,0x00000000dcf80000)
 ParOldGen       total 153088K, used 1477K [0x0000000080000000, 0x0000000089580000, 0x00000000d5580000)
  object space 153088K, 0% used [0x0000000080000000,0x0000000080171448,0x0000000089580000)
 Metaspace       used 20464K, capacity 21168K, committed 21248K, reserved 1067008K
  class space    used 2856K, capacity 3040K, committed 3072K, reserved 1048576K
Event: 2.189 GC heap after
Heap after GC invocations=5 (full 1):
 PSYoungGen      total 124928K, used 0K [0x00000000d5580000, 0x00000000dd880000, 0x0000000100000000)
  eden space 115712K, 0% used [0x00000000d5580000,0x00000000d5580000,0x00000000dc680000)
  from space 9216K, 0% used [0x00000000dcf80000,0x00000000dcf80000,0x00000000dd880000)
  to   space 9216K, 0% used [0x00000000dc680000,0x00000000dc680000,0x00000000dcf80000)
 ParOldGen       total 93184K, used 8460K [0x0000000080000000, 0x0000000085b00000, 0x00000000d5580000)
  object space 93184K, 9% used [0x0000000080000000,0x0000000080843298,0x0000000085b00000)
 Metaspace       used 20464K, capacity 21168K, committed 21248K, reserved 1067008K
  class space    used 2856K, capacity 3040K, committed 3072K, reserved 1048576K
}
Event: 3.188 GC heap before
{Heap before GC invocations=6 (full 1):
 PSYoungGen      total 124928K, used 115712K [0x00000000d5580000, 0x00000000dd880000, 0x0000000100000000)
  eden space 115712K, 100% used [0x00000000d5580000,0x00000000dc680000,0x00000000dc680000)
  from space 9216K, 0% used [0x00000000dcf80000,0x00000000dcf80000,0x00000000dd880000)
  to   space 9216K, 0% used [0x00000000dc680000,0x00000000dc680000,0x00000000dcf80000)
 ParOldGen       total 93184K, used 8460K [0x0000000080000000, 0x0000000085b00000, 0x00000000d5580000)
  object space 93184K, 9% used [0x0000000080000000,0x0000000080843298,0x0000000085b00000)
 Metaspace       used 31691K, capacity 32824K, committed 33024K, reserved 1077248K
  class space    used 4284K, capacity 4583K, committed 4608K, reserved 1048576K

Deoptimization events (10 events):
Event: 2.355 Thread 0x000000001aebc000 Uncommon trap: reason=unstable_if action=reinterpret pc=0x0000000002ccef20 method=java.util.HashMap.hash(Ljava/lang/Object;)I @ 1
Event: 2.362 Thread 0x000000001aebc000 Uncommon trap: reason=unstable_if action=reinterpret pc=0x0000000002cda4a8 method=java.util.HashMap.hash(Ljava/lang/Object;)I @ 1
Event: 2.375 Thread 0x000000001aebc000 Uncommon trap: reason=unstable_if action=reinterpret pc=0x0000000002cd9e7c method=jdk.internal.org.objectweb.asm.Type.getArgumentsAndReturnSizes(Ljava/lang/String;)I @ 88
Event: 2.441 Thread 0x000000001aebc000 Uncommon trap: reason=unstable_if action=reinterpret pc=0x00000000029e48fc method=java.io.WinNTFileSystem.resolve(Ljava/lang/String;Ljava/lang/String;)Ljava/lang/String; @ 49
Event: 2.672 Thread 0x000000001aebc000 Uncommon trap: reason=unstable_if action=reinterpret pc=0x0000000002d1f69c method=java.util.concurrent.SynchronousQueue$TransferStack.shouldSpin(Ljava/util/concurrent/SynchronousQueue$TransferStack$SNode;)Z @ 7
Event: 2.703 Thread 0x000000001aebc000 Uncommon trap: reason=unstable_if action=reinterpret pc=0x0000000002d5944c method=java.lang.ClassLoader.getClassLoadingLock(Ljava/lang/String;)Ljava/lang/Object; @ 6
Event: 2.726 Thread 0x000000001aebc000 Uncommon trap: reason=bimorphic action=maybe_recompile pc=0x0000000002d26310 method=java.io.BufferedInputStream.read([BII)I @ 101
Event: 2.726 Thread 0x000000001aebc000 Uncommon trap: reason=bimorphic action=maybe_recompile pc=0x0000000002d26310 method=java.io.BufferedInputStream.read([BII)I @ 101
Event: 2.727 Thread 0x000000001aebc000 Uncommon trap: reason=bimorphic action=maybe_recompile pc=0x0000000002d26310 method=java.io.BufferedInputStream.read([BII)I @ 101
Event: 2.727 Thread 0x000000001aebc000 Uncommon trap: reason=bimorphic action=maybe_recompile pc=0x0000000002d26310 method=java.io.BufferedInputStream.read([BII)I @ 101

Classes redefined (0 events):
No events

Internal exceptions (10 events):
Event: 2.965 Thread 0x000000001aebc000 Exception <a 'java/lang/ClassNotFoundException': groovy/lang/ClosureCustomizer> (0x00000000dad0e018) thrown at [C:\src\AOSP-openjdk-git\hotspot\src\share\vm\classfile\systemDictionary.cpp, line 210]
Event: 2.967 Thread 0x000000001aebc000 Exception <a 'java/lang/ClassNotFoundException': groovy/lang/Closure$1Customizer> (0x00000000dad552e8) thrown at [C:\src\AOSP-openjdk-git\hotspot\src\share\vm\classfile\systemDictionary.cpp, line 210]
Event: 3.051 Thread 0x000000001aebc000 Exception <a 'java/lang/ClassNotFoundException': org/gradle/internal/metaobject/ConfigureDelegateBeanInfo> (0x00000000db4a60f8) thrown at [C:\src\AOSP-openjdk-git\hotspot\src\share\vm\classfile\systemDictionary.cpp, line 210]
Event: 3.052 Thread 0x000000001aebc000 Exception <a 'java/lang/ClassNotFoundException': org/gradle/internal/metaobject/ConfigureDelegateCustomizer> (0x00000000db4d3bc0) thrown at [C:\src\AOSP-openjdk-git\hotspot\src\share\vm\classfile\systemDictionary.cpp, line 210]
Event: 3.055 Thread 0x000000001aebc000 Exception <a 'java/lang/ClassNotFoundException': org/gradle/api/internal/initialization/DefaultScriptHandlerBeanInfo> (0x00000000db556ff0) thrown at [C:\src\AOSP-openjdk-git\hotspot\src\share\vm\classfile\systemDictionary.cpp, line 210]
Event: 3.056 Thread 0x000000001aebc000 Exception <a 'java/lang/ClassNotFoundException': org/gradle/api/internal/initialization/DefaultScriptHandlerCustomizer> (0x00000000db58cf78) thrown at [C:\src\AOSP-openjdk-git\hotspot\src\share\vm\classfile\systemDictionary.cpp, line 210]
Event: 3.131 Thread 0x000000001aebc000 Exception <a 'java/lang/ClassNotFoundException': org/gradle/api/internal/artifacts/dsl/dependencies/DefaultDependencyHandler_DecoratedBeanInfo> (0x00000000dbebcf70) thrown at [C:\src\AOSP-openjdk-git\hotspot\src\share\vm\classfile\systemDictionary.cpp, li
Event: 3.133 Thread 0x000000001aebc000 Exception <a 'java/lang/ClassNotFoundException': org/gradle/api/internal/artifacts/dsl/dependencies/DefaultDependencyHandlerBeanInfo> (0x00000000dbf15c08) thrown at [C:\src\AOSP-openjdk-git\hotspot\src\share\vm\classfile\systemDictionary.cpp, line 210]
Event: 3.133 Thread 0x000000001aebc000 Exception <a 'java/lang/ClassNotFoundException': org/gradle/api/internal/artifacts/dsl/dependencies/DefaultDependencyHandlerCustomizer> (0x00000000dbf6f598) thrown at [C:\src\AOSP-openjdk-git\hotspot\src\share\vm\classfile\systemDictionary.cpp, line 210]
Event: 3.137 Thread 0x000000001aebc000 Exception <a 'java/lang/ClassNotFoundException': org/gradle/api/internal/artifacts/dsl/dependencies/DefaultDependencyHandler_DecoratedCustomizer> (0x00000000dbffa3e0) thrown at [C:\src\AOSP-openjdk-git\hotspot\src\share\vm\classfile\systemDictionary.cpp, 

Events (10 events):
Event: 3.186 loading class org/gradle/api/internal/artifacts/ivyservice/resolveengine/graph/conflicts/CapabilitiesConflictHandler$CandidateDetails done
Event: 3.187 loading class org/gradle/internal/component/external/model/ImmutableCapability
Event: 3.187 loading class org/gradle/internal/component/external/model/ImmutableCapability done
Event: 3.187 loading class org/gradle/internal/component/external/model/DefaultComponentVariantIdentifier
Event: 3.187 loading class org/gradle/internal/component/external/model/DefaultComponentVariantIdentifier done
Event: 3.187 loading class org/gradle/api/artifacts/ComponentVariantIdentifier
Event: 3.187 loading class org/gradle/api/artifacts/ComponentVariantIdentifier done
Event: 3.188 loading class org/gradle/api/internal/artifacts/ivyservice/resolveengine/graph/conflicts/UpgradeCapabilityResolver
Event: 3.188 loading class org/gradle/api/internal/artifacts/ivyservice/resolveengine/graph/conflicts/UpgradeCapabilityResolver done
Event: 3.188 Executing VM operation: ParallelGCFailedAllocation


Dynamic libraries:
0x00007ff72c440000 - 0x00007ff72c471000 	D:\Android\AndroidStudio\jre\bin\java.exe
0x00007fffd93d0000 - 0x00007fffd95c5000 	C:\Windows\SYSTEM32\ntdll.dll
0x00007fffd7590000 - 0x00007fffd764d000 	C:\Windows\System32\KERNEL32.DLL
0x00007fffd6d30000 - 0x00007fffd6ff9000 	C:\Windows\System32\KERNELBASE.dll
0x00007fffd92e0000 - 0x00007fffd938c000 	C:\Windows\System32\ADVAPI32.dll
0x00007fffd7920000 - 0x00007fffd79be000 	C:\Windows\System32\msvcrt.dll
0x00007fffd7650000 - 0x00007fffd76ec000 	C:\Windows\System32\sechost.dll
0x00007fffd8060000 - 0x00007fffd818b000 	C:\Windows\System32\RPCRT4.dll
0x00007fffd79c0000 - 0x00007fffd7b60000 	C:\Windows\System32\USER32.dll
0x00007fffd7050000 - 0x00007fffd7072000 	C:\Windows\System32\win32u.dll
0x00007fffd7f10000 - 0x00007fffd7f3a000 	C:\Windows\System32\GDI32.dll
0x00007fffd6c20000 - 0x00007fffd6d2b000 	C:\Windows\System32\gdi32full.dll
0x00007fffd7390000 - 0x00007fffd742d000 	C:\Windows\System32\msvcp_win.dll
0x00007fffd7080000 - 0x00007fffd7180000 	C:\Windows\System32\ucrtbase.dll
0x00007fffc1790000 - 0x00007fffc1a2a000 	C:\Windows\WinSxS\amd64_microsoft.windows.common-controls_6595b64144ccf1df_6.0.19041.844_none_ca00b6081b84eb1d\COMCTL32.dll
0x00007fffd7560000 - 0x00007fffd7590000 	C:\Windows\System32\IMM32.DLL
0x0000000073cc0000 - 0x0000000073d92000 	D:\Android\AndroidStudio\jre\jre\bin\msvcr100.dll
0x0000000073e80000 - 0x00000000746cb000 	D:\Android\AndroidStudio\jre\jre\bin\server\jvm.dll
0x00007fffd7f00000 - 0x00007fffd7f08000 	C:\Windows\System32\PSAPI.DLL
0x00007fffbaf10000 - 0x00007fffbaf19000 	C:\Windows\SYSTEM32\WSOCK32.dll
0x00007fffcc770000 - 0x00007fffcc797000 	C:\Windows\SYSTEM32\WINMM.dll
0x00007fffd8a80000 - 0x00007fffd8aeb000 	C:\Windows\System32\WS2_32.dll
0x00007fffd1410000 - 0x00007fffd141a000 	C:\Windows\SYSTEM32\VERSION.dll
0x00007fffb7290000 - 0x00007fffb729f000 	D:\Android\AndroidStudio\jre\jre\bin\verify.dll
0x00007fff944f0000 - 0x00007fff94519000 	D:\Android\AndroidStudio\jre\jre\bin\java.dll
0x00007fff96fb0000 - 0x00007fff96fc6000 	D:\Android\AndroidStudio\jre\jre\bin\zip.dll
0x00007fffd81f0000 - 0x00007fffd8932000 	C:\Windows\System32\SHELL32.dll
0x00007fffd4c90000 - 0x00007fffd5420000 	C:\Windows\SYSTEM32\windows.storage.dll
0x00007fffd8f80000 - 0x00007fffd92d5000 	C:\Windows\System32\combase.dll
0x00007fffd64b0000 - 0x00007fffd64dc000 	C:\Windows\SYSTEM32\Wldp.dll
0x00007fffd89d0000 - 0x00007fffd8a7e000 	C:\Windows\System32\SHCORE.dll
0x00007fffd7830000 - 0x00007fffd7885000 	C:\Windows\System32\shlwapi.dll
0x00007fffd6a50000 - 0x00007fffd6a6f000 	C:\Windows\SYSTEM32\profapi.dll
0x00007fff96f80000 - 0x00007fff96f9a000 	D:\Android\AndroidStudio\jre\jre\bin\net.dll
0x00007fffd6230000 - 0x00007fffd629a000 	C:\Windows\system32\mswsock.dll
0x00007fff96f60000 - 0x00007fff96f73000 	D:\Android\AndroidStudio\jre\jre\bin\nio.dll
0x00007fffc2620000 - 0x00007fffc2647000 	C:\Users\grand\.gradle\native\f6784746aeab05261644944871eae4fe03e0ef1612fff0a4a95f87b438bc6780\windows-amd64\native-platform.dll
0x00007fff96f50000 - 0x00007fff96f5d000 	D:\Android\AndroidStudio\jre\jre\bin\management.dll
0x00007fffd6410000 - 0x00007fffd6428000 	C:\Windows\SYSTEM32\CRYPTSP.dll
0x00007fffd5bd0000 - 0x00007fffd5c04000 	C:\Windows\system32\rsaenh.dll
0x00007fffd7360000 - 0x00007fffd7387000 	C:\Windows\System32\bcrypt.dll
0x00007fffd6a10000 - 0x00007fffd6a3e000 	C:\Windows\SYSTEM32\USERENV.dll
0x00007fffd7180000 - 0x00007fffd7200000 	C:\Windows\System32\bcryptprimitives.dll
0x00007fffd6400000 - 0x00007fffd640c000 	C:\Windows\SYSTEM32\CRYPTBASE.dll
0x00007fffd5f20000 - 0x00007fffd5f5b000 	C:\Windows\SYSTEM32\IPHLPAPI.DLL
0x00007fffd7890000 - 0x00007fffd7898000 	C:\Windows\System32\NSI.dll
0x00007fffd1880000 - 0x00007fffd1897000 	C:\Windows\SYSTEM32\dhcpcsvc6.DLL
0x00007fffd1860000 - 0x00007fffd187d000 	C:\Windows\SYSTEM32\dhcpcsvc.DLL
0x00007fffd5f60000 - 0x00007fffd602b000 	C:\Windows\SYSTEM32\DNSAPI.dll
0x00007fffd18a0000 - 0x00007fffd18ab000 	C:\Windows\SYSTEM32\WINNSI.DLL
0x00007fffc10b0000 - 0x00007fffc1294000 	C:\Windows\SYSTEM32\dbghelp.dll

VM Arguments:
jvm_args: -Xmx2048m -Dfile.encoding=UTF-8 -Duser.country=RU -Duser.language=ru -Duser.variant 
java_command: org.gradle.launcher.daemon.bootstrap.GradleDaemon 6.5
java_class_path (initial): C:\Users\grand\.gradle\wrapper\dists\gradle-6.5-all\2oz4ud9k3tuxjg84bbf55q0tn\gradle-6.5\lib\gradle-launcher-6.5.jar
Launcher Type: SUN_STANDARD

Environment Variables:
JAVA_HOME=C:\Program Files\Java\jdk-15.0.2
PATH=C:\Program Files\Common Files\Oracle\Java\javapath:C:\Program Files\Java\jdk-15.0.2\bin;C:\Windows\system32;C:\Windows;C:\Windows\System32\Wbem;C:\Windows\System32\WindowsPowerShell\v1.0\;C:\Windows\System32\OpenSSH\;C:\Program Files (x86)\NVIDIA Corporation\PhysX\Common;C:\Program Files\NVIDIA Corporation\NVIDIA NvDLISR;C:\Users\grand\AppData\Local\Programs\Python\Python39\Scripts\;C:\Users\grand\AppData\Local\Programs\Python\Python39\;C:\Users\grand\AppData\Local\Microsoft\WindowsApps;D:\Flutter\bin;;E:\Soft\IntelliJ IDEA Community Edition 2020.3.3\bin;;E:\Soft\PyCharm Community Edition 2020.3.5\bin;
USERNAME=grand
OS=Windows_NT
PROCESSOR_IDENTIFIER=Intel64 Family 6 Model 58 Stepping 9, GenuineIntel



---------------  S Y S T E M  ---------------

OS: Windows 10.0 , 64 bit Build 19041 (10.0.19041.804)

CPU:total 4 (initial active 4) (4 cores per cpu, 1 threads per core) family 6 model 58 stepping 9, cmov, cx8, fxsr, mmx, sse, sse2, sse3, ssse3, sse4.1, sse4.2, popcnt, avx, aes, clmul, erms, tsc, tscinvbit, tscinv

Memory: 4k page, physical 14623112k(4839392k free), swap 18565040k(3336356k free)

vm_info: OpenJDK 64-Bit Server VM (25.242-b01) for windows-amd64 JRE (1.8.0_242-release-1644-b01), built by "builder" with MS VC++ 10.0 (VS2010)

time: Wed Apr 07 09:47:55 2021
timezone: RTZ 2 (зима)
elapsed time: 3 seconds (0d 0h 0m 3s)

